Library/Bee/Android/Prj/Mono2x/Gradle/launcher/build/intermediates/manifest_merge_blame_file/release/manifest-merger-blame-release-report.txt
1<?xml version="1.0" encoding="utf-8"?>
2<manifest xmlns:android="http://schemas.android.com/apk/res/android"
3    package="com.DefaultCompany.SefAR"
4    android:installLocation="preferExternal"
5    android:versionCode="1"
6    android:versionName="0.1" >
7
8    <uses-sdk
9        android:minSdkVersion="23"
9-->src\main\AndroidManifest.xml
10        android:targetSdkVersion="35" />
10-->src\main\AndroidManifest.xml
11
12    <supports-screens
12-->src\main\AndroidManifest.xml:3:3-163
13        android:anyDensity="true"
13-->src\main\AndroidManifest.xml:3:135-160
14        android:largeScreens="true"
14-->src\main\AndroidManifest.xml:3:78-105
15        android:normalScreens="true"
15-->src\main\AndroidManifest.xml:3:49-77
16        android:smallScreens="true"
16-->src\main\AndroidManifest.xml:3:21-48
17        android:xlargeScreens="true" />
17-->src\main\AndroidManifest.xml:3:106-134
18
19    <uses-feature android:glEsVersion="0x00030000" />
19-->[:unityLibrary] AndroidManifest.xml:8:5-54
19-->[:unityLibrary] AndroidManifest.xml:8:19-51
20    <uses-feature
20-->[:unityLibrary] AndroidManifest.xml:9:5-11:36
21        android:name="android.hardware.vulkan.version"
21-->[:unityLibrary] AndroidManifest.xml:10:9-55
22        android:required="false" />
22-->[:unityLibrary] AndroidManifest.xml:11:9-33
23
24    <uses-permission android:name="android.permission.INTERNET" />
24-->[:unityLibrary] AndroidManifest.xml:13:5-67
24-->[:unityLibrary] AndroidManifest.xml:13:22-64
25    <uses-permission android:name="android.permission.CAMERA" />
25-->[:unityLibrary] AndroidManifest.xml:14:5-65
25-->[:unityLibrary] AndroidManifest.xml:14:22-62
26
27    <uses-feature
27-->[:unityLibrary] AndroidManifest.xml:16:5-18:36
28        android:name="android.hardware.camera"
28-->[:unityLibrary] AndroidManifest.xml:17:9-47
29        android:required="true" />
29-->[:unityLibrary] AndroidManifest.xml:18:9-33
30    <uses-feature
30-->[:unityLibrary] AndroidManifest.xml:19:5-21:36
31        android:name="android.hardware.camera.autofocus"
31-->[:unityLibrary] AndroidManifest.xml:20:9-57
32        android:required="false" />
32-->[:unityLibrary] AndroidManifest.xml:21:9-33
33    <uses-feature
33-->[:unityLibrary] AndroidManifest.xml:22:5-24:36
34        android:name="android.hardware.camera.front"
34-->[:unityLibrary] AndroidManifest.xml:23:9-53
35        android:required="false" />
35-->[:unityLibrary] AndroidManifest.xml:24:9-33
36    <uses-feature
36-->[:unityLibrary] AndroidManifest.xml:25:5-27:36
37        android:name="android.hardware.touchscreen"
37-->[:unityLibrary] AndroidManifest.xml:26:9-52
38        android:required="false" />
38-->[:unityLibrary] AndroidManifest.xml:27:9-33
39    <uses-feature
39-->[:unityLibrary] AndroidManifest.xml:28:5-30:36
40        android:name="android.hardware.touchscreen.multitouch"
40-->[:unityLibrary] AndroidManifest.xml:29:9-63
41        android:required="false" />
41-->[:unityLibrary] AndroidManifest.xml:30:9-33
42    <uses-feature
42-->[:unityLibrary] AndroidManifest.xml:31:5-33:36
43        android:name="android.hardware.touchscreen.multitouch.distinct"
43-->[:unityLibrary] AndroidManifest.xml:32:9-72
44        android:required="false" />
44-->[:unityLibrary] AndroidManifest.xml:33:9-33
45
46    <queries>
46-->[com.google.ar:core:1.36.0] AndroidManifest.xml:20:5-22:15
47        <package android:name="com.google.ar.core" />
47-->[com.google.ar:core:1.36.0] AndroidManifest.xml:21:9-54
47-->[com.google.ar:core:1.36.0] AndroidManifest.xml:21:18-51
48    </queries>
49    <!--
50        Required by Vuforia: Add this permission to access IMU sensors at high rate
51        for device tracker functionality on Android 12+.
52    -->
53    <uses-permission android:name="android.permission.HIGH_SAMPLING_RATE_SENSORS" /> <!-- Required by Vuforia: Add this permission to allow checking of network. -->
53-->[:VuforiaEngine:] AndroidManifest.xml:16:5-85
53-->[:VuforiaEngine:] AndroidManifest.xml:16:22-82
54    <uses-permission android:name="android.permission.ACCESS_NETWORK_STATE" />
54-->[:VuforiaEngine:] AndroidManifest.xml:19:5-79
54-->[:VuforiaEngine:] AndroidManifest.xml:19:22-76
55
56    <application
56-->src\main\AndroidManifest.xml:4:3-83
57        android:extractNativeLibs="true"
57-->[:unityLibrary] AndroidManifest.xml:35:18-50
58        android:icon="@mipmap/app_icon"
58-->src\main\AndroidManifest.xml:4:49-80
59        android:label="@string/app_name" >
59-->src\main\AndroidManifest.xml:4:16-48
60        <activity
60-->[:unityLibrary] AndroidManifest.xml:36:9-57:20
61            android:name="com.unity3d.player.UnityPlayerActivity"
61-->[:unityLibrary] AndroidManifest.xml:37:13-66
62            android:configChanges="mcc|mnc|locale|touchscreen|keyboard|keyboardHidden|navigation|orientation|screenLayout|uiMode|screenSize|smallestScreenSize|fontScale|layoutDirection|density"
62-->[:unityLibrary] AndroidManifest.xml:38:13-194
63            android:exported="true"
63-->[:unityLibrary] AndroidManifest.xml:39:13-36
64            android:hardwareAccelerated="false"
64-->[:unityLibrary] AndroidManifest.xml:40:13-48
65            android:launchMode="singleTask"
65-->[:unityLibrary] AndroidManifest.xml:41:13-44
66            android:resizeableActivity="false"
66-->[:unityLibrary] AndroidManifest.xml:42:13-47
67            android:screenOrientation="fullUser"
67-->[:unityLibrary] AndroidManifest.xml:43:13-49
68            android:theme="@style/UnityThemeSelector" >
68-->[:unityLibrary] AndroidManifest.xml:44:13-54
69            <intent-filter>
69-->[:unityLibrary] AndroidManifest.xml:45:13-49:29
70                <action android:name="android.intent.action.MAIN" />
70-->[:unityLibrary] AndroidManifest.xml:46:17-69
70-->[:unityLibrary] AndroidManifest.xml:46:25-66
71
72                <category android:name="android.intent.category.LAUNCHER" />
72-->[:unityLibrary] AndroidManifest.xml:48:17-77
72-->[:unityLibrary] AndroidManifest.xml:48:27-74
73            </intent-filter>
74
75            <meta-data
75-->[:unityLibrary] AndroidManifest.xml:51:13-53:40
76                android:name="unityplayer.UnityActivity"
76-->[:unityLibrary] AndroidManifest.xml:52:17-57
77                android:value="true" />
77-->[:unityLibrary] AndroidManifest.xml:53:17-37
78            <meta-data
78-->[:unityLibrary] AndroidManifest.xml:54:13-56:40
79                android:name="android.notch_support"
79-->[:unityLibrary] AndroidManifest.xml:55:17-53
80                android:value="true" />
80-->[:unityLibrary] AndroidManifest.xml:56:17-37
81        </activity>
82
83        <meta-data
83-->[:unityLibrary] AndroidManifest.xml:59:9-61:33
84            android:name="unity.splash-mode"
84-->[:unityLibrary] AndroidManifest.xml:60:13-45
85            android:value="0" />
85-->[:unityLibrary] AndroidManifest.xml:61:13-30
86        <meta-data
86-->[:unityLibrary] AndroidManifest.xml:62:9-64:36
87            android:name="unity.splash-enable"
87-->[:unityLibrary] AndroidManifest.xml:63:13-47
88            android:value="True" />
88-->[:unityLibrary] AndroidManifest.xml:64:13-33
89        <meta-data
89-->[:unityLibrary] AndroidManifest.xml:65:9-67:36
90            android:name="unity.launch-fullscreen"
90-->[:unityLibrary] AndroidManifest.xml:66:13-51
91            android:value="True" />
91-->[:unityLibrary] AndroidManifest.xml:67:13-33
92        <meta-data
92-->[:unityLibrary] AndroidManifest.xml:68:9-70:50
93            android:name="notch.config"
93-->[:unityLibrary] AndroidManifest.xml:69:13-40
94            android:value="portrait|landscape" />
94-->[:unityLibrary] AndroidManifest.xml:70:13-47
95        <meta-data
95-->[:unityLibrary] AndroidManifest.xml:71:9-73:36
96            android:name="unity.auto-report-fully-drawn"
96-->[:unityLibrary] AndroidManifest.xml:72:13-57
97            android:value="true" />
97-->[:unityLibrary] AndroidManifest.xml:73:13-33
98        <meta-data
98-->[:unityLibrary] AndroidManifest.xml:74:9-76:40
99            android:name="com.google.ar.core"
99-->[:unityLibrary] AndroidManifest.xml:75:13-46
100            android:value="optional" /> <!-- The minimal version code of ARCore APK required for an app using this SDK. -->
100-->[:unityLibrary] AndroidManifest.xml:76:13-37
101        <meta-data
101-->[com.google.ar:core:1.36.0] AndroidManifest.xml:27:9-29:41
102            android:name="com.google.ar.core.min_apk_version"
102-->[com.google.ar:core:1.36.0] AndroidManifest.xml:28:13-62
103            android:value="223110000" /> <!-- This activity is critical for installing ARCore when it is not already present. -->
103-->[com.google.ar:core:1.36.0] AndroidManifest.xml:29:13-38
104        <activity
104-->[com.google.ar:core:1.36.0] AndroidManifest.xml:31:9-37:80
105            android:name="com.google.ar.core.InstallActivity"
105-->[com.google.ar:core:1.36.0] AndroidManifest.xml:32:13-62
106            android:configChanges="keyboardHidden|orientation|screenSize"
106-->[com.google.ar:core:1.36.0] AndroidManifest.xml:33:13-74
107            android:excludeFromRecents="true"
107-->[com.google.ar:core:1.36.0] AndroidManifest.xml:34:13-46
108            android:exported="false"
108-->[com.google.ar:core:1.36.0] AndroidManifest.xml:35:13-37
109            android:launchMode="singleTop"
109-->[com.google.ar:core:1.36.0] AndroidManifest.xml:36:13-43
110            android:theme="@android:style/Theme.Material.Light.Dialog.Alert" />
110-->[com.google.ar:core:1.36.0] AndroidManifest.xml:37:13-77
111
112        <provider
112-->[:VuforiaEngine:] AndroidManifest.xml:25:9-33:20
113            android:name="com.vuforia.engine.app.VuforiaContentProvider"
113-->[:VuforiaEngine:] AndroidManifest.xml:26:13-73
114            android:authorities="com.DefaultCompany.SefAR.vuforia.share"
114-->[:VuforiaEngine:] AndroidManifest.xml:27:13-65
115            android:exported="false"
115-->[:VuforiaEngine:] AndroidManifest.xml:28:13-37
116            android:grantUriPermissions="true" >
116-->[:VuforiaEngine:] AndroidManifest.xml:29:13-47
117            <meta-data
117-->[:VuforiaEngine:] AndroidManifest.xml:30:13-32:53
118                android:name="android.support.FILE_PROVIDER_PATHS"
118-->[:VuforiaEngine:] AndroidManifest.xml:31:17-67
119                android:resource="@xml/filepaths" />
119-->[:VuforiaEngine:] AndroidManifest.xml:32:17-50
120        </provider>
121    </application>
122
123</manifest>